<?xml version="1.0" encoding="UTF-8"?>
<testng-results skipped="0" failed="0" total="1" passed="1">
  <reporter-output>
  </reporter-output>
  <suite name="Suite" duration-ms="6052" started-at="2019-03-14T00:53:41Z" finished-at="2019-03-14T00:53:48Z">
    <groups>
      <group name="selenium-test">
        <method signature="login.Alogin()[pri:0, instance:testbaidu.login@282ba1e]" name="Alogin" class="testbaidu.login"/>
      </group> <!-- selenium-test -->
    </groups>
    <test name="Test" duration-ms="6052" started-at="2019-03-14T00:53:41Z" finished-at="2019-03-14T00:53:48Z">
      <class name="testbaidu.login">
        <test-method status="PASS" signature="openfirefox()[pri:0, instance:testbaidu.login@282ba1e]" name="openfirefox" is-config="true" duration-ms="4630" started-at="2019-03-14T08:53:41Z" finished-at="2019-03-14T08:53:46Z">
          <reporter-output>
          </reporter-output>
        </test-method> <!-- openfirefox -->
        <test-method status="PASS" signature="Alogin()[pri:0, instance:testbaidu.login@282ba1e]" name="Alogin" duration-ms="1410" started-at="2019-03-14T08:53:46Z" finished-at="2019-03-14T08:53:48Z">
          <reporter-output>
          </reporter-output>
        </test-method> <!-- Alogin -->
      </class> <!-- testbaidu.login -->
    </test> <!-- Test -->
  </suite> <!-- Suite -->
</testng-results>
